<?xml version="1.0" encoding="UTF-8"?>
<testng-results ignored="0" total="1" passed="1" failed="0" skipped="0">
  <reporter-output>
  </reporter-output>
  <suite started-at="2024-06-19T14:33:40 IST" name="Default suite" finished-at="2024-06-19T14:33:45 IST" duration-ms="5760">
    <groups>
    </groups>
    <test started-at="2024-06-19T14:33:40 IST" name="Default test" finished-at="2024-06-19T14:33:45 IST" duration-ms="5760">
      <class name="practice_sel.First_Test">
        <test-method is-config="true" signature="beforeTest()[pri:0, instance:practice_sel.First_Test@fa49800]" started-at="2024-06-19T14:33:40 IST" name="beforeTest" finished-at="2024-06-19T14:33:44 IST" duration-ms="4825" status="PASS">
          <reporter-output>
          </reporter-output>
        </test-method> <!-- beforeTest -->
        <test-method signature="verifySignup()[pri:0, instance:practice_sel.First_Test@fa49800]" started-at="2024-06-19T14:33:45 IST" name="verifySignup" finished-at="2024-06-19T14:33:45 IST" duration-ms="800" status="PASS">
          <reporter-output>
          </reporter-output>
        </test-method> <!-- verifySignup -->
        <test-method is-config="true" signature="afterTest()[pri:0, instance:practice_sel.First_Test@fa49800]" started-at="2024-06-19T14:33:45 IST" name="afterTest" finished-at="2024-06-19T14:33:45 IST" duration-ms="0" status="PASS">
          <reporter-output>
          </reporter-output>
        </test-method> <!-- afterTest -->
      </class> <!-- practice_sel.First_Test -->
    </test> <!-- Default test -->
  </suite> <!-- Default suite -->
</testng-results>
