<?xml version="1.0" encoding="UTF-8"?>
<testng-results ignored="0" total="1" passed="1" failed="0" skipped="0">
  <reporter-output>
  </reporter-output>
  <suite started-at="2024-06-19T12:55:53 IST" name="Default suite" finished-at="2024-06-19T12:55:54 IST" duration-ms="1140">
    <groups>
    </groups>
    <test started-at="2024-06-19T12:55:53 IST" name="Default test" finished-at="2024-06-19T12:55:54 IST" duration-ms="1140">
      <class name="test.ReadExcelSampleData">
        <test-method signature="readExcelata()[pri:0, instance:test.ReadExcelSampleData@51c668e3]" started-at="2024-06-19T12:55:53 IST" name="readExcelata" finished-at="2024-06-19T12:55:54 IST" duration-ms="1065" status="PASS">
          <reporter-output>
          </reporter-output>
        </test-method> <!-- readExcelata -->
      </class> <!-- test.ReadExcelSampleData -->
    </test> <!-- Default test -->
  </suite> <!-- Default suite -->
</testng-results>
